TRACE 18/04/23 02:21:03.45980 Trace: Trace
TRACE 18/04/23 02:21:03.45984 Info: Trace
TRACE 18/04/23 02:21:03.45986 Warng: Trace
TRACE 18/04/23 02:21:03.45988 Error: Trace
INFO  18/04/23 02:21:03.45996 Trace: Info
INFO  18/04/23 02:21:03.45998 Info: Info
INFO  18/04/23 02:21:03.46003 Warng: Info
INFO  18/04/23 02:21:03.46006 Error: Info
WARNG 18/04/23 02:21:03.46009 Trace: Warning
TRACE 18/04/23 02:21:03.46014 Trace: Trace
WARNG 18/04/23 02:21:03.46015 Info: Warning
WARNG 18/04/23 02:21:03.46019 Warng: Warning
TRACE 18/04/23 02:21:03.46017 Info: Trace
TRACE 18/04/23 02:21:03.46027 Warng: Trace
WARNG 18/04/23 02:21:03.46024 Error: Warning
TRACE 18/04/23 02:21:03.46029 Error: Trace
ERROR 18/04/23 02:21:03.46033 Trace: Error
INFO  18/04/23 02:21:03.46034 Trace: Info
ERROR 18/04/23 02:21:03.46035 Info: Error
INFO  18/04/23 02:21:03.46036 Info: Info
ERROR 18/04/23 02:21:03.46037 Warng: Error
INFO  18/04/23 02:21:03.46038 Warng: Info
INFO  18/04/23 02:21:03.46041 Error: Info
ERROR 18/04/23 02:21:03.46040 Error: Error
WARNG 18/04/23 02:21:03.46045 Trace: Warning
WARNG 18/04/23 02:21:03.46046 Info: Warning
WARNG 18/04/23 02:21:03.46049 Warng: Warning
WARNG 18/04/23 02:21:03.46051 Error: Warning
ERROR 18/04/23 02:21:03.46055 Trace: Error
ERROR 18/04/23 02:21:03.46056 Info: Error
ERROR 18/04/23 02:21:03.46058 Warng: Error
ERROR 18/04/23 02:21:03.46061 Error: Error
